<?xml version="1.0" encoding="UTF-8"?>
<testng-results skipped="0" failed="0" ignored="0" total="1" passed="1">
  <reporter-output>
  </reporter-output>
  <suite name="Suite" duration-ms="10157" started-at="2018-02-11T13:05:12Z" finished-at="2018-02-11T13:05:22Z">
    <groups>
    </groups>
    <test name="Test1" duration-ms="10157" started-at="2018-02-11T13:05:12Z" finished-at="2018-02-11T13:05:22Z">
      <class name="com.mushishi.selenium.testCase.SuiteTestLogin">
        <test-method status="PASS" signature="beforeClass()[pri:0, instance:com.mushishi.selenium.testCase.SuiteTestLogin@614c5515]" name="beforeClass" is-config="true" duration-ms="4243" started-at="2018-02-11T21:05:12Z" finished-at="2018-02-11T21:05:16Z">
          <reporter-output>
          </reporter-output>
        </test-method> <!-- beforeClass -->
        <test-method status="PASS" signature="testLogin()[pri:0, instance:com.mushishi.selenium.testCase.SuiteTestLogin@614c5515]" name="testLogin" duration-ms="5673" started-at="2018-02-11T21:05:16Z" finished-at="2018-02-11T21:05:22Z">
          <reporter-output>
          </reporter-output>
        </test-method> <!-- testLogin -->
        <test-method status="PASS" signature="afterClass()[pri:0, instance:com.mushishi.selenium.testCase.SuiteTestLogin@614c5515]" name="afterClass" is-config="true" duration-ms="215" started-at="2018-02-11T21:05:22Z" finished-at="2018-02-11T21:05:22Z">
          <reporter-output>
          </reporter-output>
        </test-method> <!-- afterClass -->
      </class> <!-- com.mushishi.selenium.testCase.SuiteTestLogin -->
    </test> <!-- Test1 -->
  </suite> <!-- Suite -->
</testng-results>
